# JRE version: OpenJDK Runtime Environment (8.0_292-b10) (build 1.8.0_292-8u292-b10-0ubuntu1~16.04.1-b10)
# Java VM: OpenJDK 64-Bit Server VM (25.292-b10 mixed mode linux-amd64 compressed oops)
Heap:
 PSYoungGen      total 136192K, used 5105K [0x00000000d6900000, 0x00000000df300000, 0x0000000100000000)
  eden space 131072K, 0% used [0x00000000d6900000,0x00000000d6900000,0x00000000de900000)
  from space 5120K, 99% used [0x00000000de900000,0x00000000dedfc410,0x00000000dee00000)
  to   space 5120K, 0% used [0x00000000dee00000,0x00000000dee00000,0x00000000df300000)
 ParOldGen       total 59904K, used 13298K [0x0000000083a00000, 0x0000000087480000, 0x00000000d6900000)
  object space 59904K, 22% used [0x0000000083a00000,0x00000000846fc858,0x0000000087480000)
 Metaspace       used 27356K, capacity 29188K, committed 29440K, reserved 1075200K
  class space    used 3717K, capacity 4082K, committed 4096K, reserved 1048576K
GC Heap History (10 events):
Event: 0.659 GC heap after
Heap after GC invocations=1 (full 0):
 PSYoungGen      total 37888K, used 4320K [0x00000000d6900000, 0x00000000db300000, 0x0000000100000000)
  eden space 32768K, 0% used [0x00000000d6900000,0x00000000d6900000,0x00000000d8900000)
  from space 5120K, 84% used [0x00000000d8900000,0x00000000d8d38118,0x00000000d8e00000)
  to   space 5120K, 0% used [0x00000000dae00000,0x00000000dae00000,0x00000000db300000)
 ParOldGen       total 86016K, used 8K [0x0000000083a00000, 0x0000000088e00000, 0x00000000d6900000)
  object space 86016K, 0% used [0x0000000083a00000,0x0000000083a02000,0x0000000088e00000)
 Metaspace       used 10707K, capacity 10990K, committed 11136K, reserved 1058816K
  class space    used 1310K, capacity 1401K, committed 1408K, reserved 1048576K
}
Event: 0.906 GC heap before
{Heap before GC invocations=2 (full 0):
 PSYoungGen      total 37888K, used 37088K [0x00000000d6900000, 0x00000000db300000, 0x0000000100000000)
  eden space 32768K, 100% used [0x00000000d6900000,0x00000000d8900000,0x00000000d8900000)
  from space 5120K, 84% used [0x00000000d8900000,0x00000000d8d38118,0x00000000d8e00000)
  to   space 5120K, 0% used [0x00000000dae00000,0x00000000dae00000,0x00000000db300000)
 ParOldGen       total 86016K, used 8K [0x0000000083a00000, 0x0000000088e00000, 0x00000000d6900000)
  object space 86016K, 0% used [0x0000000083a00000,0x0000000083a02000,0x0000000088e00000)
 Metaspace       used 14247K, capacity 14926K, committed 15104K, reserved 1062912K
  class space    used 1871K, capacity 2035K, committed 2048K, reserved 1048576K
Event: 0.910 GC heap after
Heap after GC invocations=2 (full 0):
 PSYoungGen      total 70656K, used 5110K [0x00000000d6900000, 0x00000000db300000, 0x0000000100000000)
  eden space 65536K, 0% used [0x00000000d6900000,0x00000000d6900000,0x00000000da900000)
  from space 5120K, 99% used [0x00000000dae00000,0x00000000db2fd938,0x00000000db300000)
  to   space 5120K, 0% used [0x00000000da900000,0x00000000da900000,0x00000000dae00000)
 ParOldGen       total 86016K, used 961K [0x0000000083a00000, 0x0000000088e00000, 0x00000000d6900000)
  object space 86016K, 1% used [0x0000000083a00000,0x0000000083af0640,0x0000000088e00000)
 Metaspace       used 14247K, capacity 14926K, committed 15104K, reserved 1062912K
  class space    used 1871K, capacity 2035K, committed 2048K, reserved 1048576K
}
Event: 1.571 GC heap before
{Heap before GC invocations=3 (full 0):
 PSYoungGen      total 70656K, used 70646K [0x00000000d6900000, 0x00000000db300000, 0x0000000100000000)
  eden space 65536K, 100% used [0x00000000d6900000,0x00000000da900000,0x00000000da900000)
  from space 5120K, 99% used [0x00000000dae00000,0x00000000db2fd938,0x00000000db300000)
  to   space 5120K, 0% used [0x00000000da900000,0x00000000da900000,0x00000000dae00000)
 ParOldGen       total 86016K, used 961K [0x0000000083a00000, 0x0000000088e00000, 0x00000000d6900000)
  object space 86016K, 1% used [0x0000000083a00000,0x0000000083af0640,0x0000000088e00000)
 Metaspace       used 19703K, capacity 20626K, committed 20736K, reserved 1067008K
  class space    used 2585K, capacity 2807K, committed 2816K, reserved 1048576K
Event: 1.589 GC heap after
Heap after GC invocations=3 (full 0):
 PSYoungGen      total 70656K, used 5112K [0x00000000d6900000, 0x00000000df300000, 0x0000000100000000)
  eden space 65536K, 0% used [0x00000000d6900000,0x00000000d6900000,0x00000000da900000)
  from space 5120K, 99% used [0x00000000da900000,0x00000000dadfe360,0x00000000dae00000)
  to   space 5120K, 0% used [0x00000000dee00000,0x00000000dee00000,0x00000000df300000)
 ParOldGen       total 86016K, used 6070K [0x0000000083a00000, 0x0000000088e00000, 0x00000000d6900000)
  object space 86016K, 7% used [0x0000000083a00000,0x0000000083fedbb0,0x0000000088e00000)
 Metaspace       used 19703K, capacity 20626K, committed 20736K, reserved 1067008K
  class space    used 2585K, capacity 2807K, committed 2816K, reserved 1048576K
}
Event: 1.709 GC heap before
{Heap before GC invocations=4 (full 0):
 PSYoungGen      total 70656K, used 14868K [0x00000000d6900000, 0x00000000df300000, 0x0000000100000000)
  eden space 65536K, 14% used [0x00000000d6900000,0x00000000d7286e20,0x00000000da900000)
  from space 5120K, 99% used [0x00000000da900000,0x00000000dadfe360,0x00000000dae00000)
  to   space 5120K, 0% used [0x00000000dee00000,0x00000000dee00000,0x00000000df300000)
 ParOldGen       total 86016K, used 6070K [0x0000000083a00000, 0x0000000088e00000, 0x00000000d6900000)
  object space 86016K, 7% used [0x0000000083a00000,0x0000000083fedbb0,0x0000000088e00000)
 Metaspace       used 20225K, capacity 21224K, committed 21296K, reserved 1067008K
  class space    used 2669K, capacity 2896K, committed 2944K, reserved 1048576K
Event: 1.715 GC heap after
Heap after GC invocations=4 (full 0):
 PSYoungGen      total 136192K, used 5093K [0x00000000d6900000, 0x00000000df300000, 0x0000000100000000)
  eden space 131072K, 0% used [0x00000000d6900000,0x00000000d6900000,0x00000000de900000)
  from space 5120K, 99% used [0x00000000dee00000,0x00000000df2f96c8,0x00000000df300000)
  to   space 5120K, 0% used [0x00000000de900000,0x00000000de900000,0x00000000dee00000)
 ParOldGen       total 86016K, used 7026K [0x0000000083a00000, 0x0000000088e00000, 0x00000000d6900000)
  object space 86016K, 8% used [0x0000000083a00000,0x00000000840dca70,0x0000000088e00000)
 Metaspace       used 20225K, capacity 21224K, committed 21296K, reserved 1067008K
  class space    used 2669K, capacity 2896K, committed 2944K, reserved 1048576K
}
Event: 1.715 GC heap before
{Heap before GC invocations=5 (full 1):
 PSYoungGen      total 136192K, used 5093K [0x00000000d6900000, 0x00000000df300000, 0x0000000100000000)
  eden space 131072K, 0% used [0x00000000d6900000,0x00000000d6900000,0x00000000de900000)
  from space 5120K, 99% used [0x00000000dee00000,0x00000000df2f96c8,0x00000000df300000)
  to   space 5120K, 0% used [0x00000000de900000,0x00000000de900000,0x00000000dee00000)
 ParOldGen       total 86016K, used 7026K [0x0000000083a00000, 0x0000000088e00000, 0x00000000d6900000)
  object space 86016K, 8% used [0x0000000083a00000,0x00000000840dca70,0x0000000088e00000)
 Metaspace       used 20225K, capacity 21224K, committed 21296K, reserved 1067008K
  class space    used 2669K, capacity 2896K, committed 2944K, reserved 1048576K
Event: 1.753 GC heap after
Heap after GC invocations=5 (full 1):
 PSYoungGen      total 136192K, used 0K [0x00000000d6900000, 0x00000000df300000, 0x0000000100000000)
  eden space 131072K, 0% used [0x00000000d6900000,0x00000000d6900000,0x00000000de900000)
  from space 5120K, 0% used [0x00000000dee00000,0x00000000dee00000,0x00000000df300000)
  to   space 5120K, 0% used [0x00000000de900000,0x00000000de900000,0x00000000dee00000)
 ParOldGen       total 59904K, used 6767K [0x0000000083a00000, 0x0000000087480000, 0x00000000d6900000)
  object space 59904K, 11% used [0x0000000083a00000,0x000000008409bea8,0x0000000087480000)
 Metaspace       used 20225K, capacity 21224K, committed 21296K, reserved 1067008K
  class space    used 2669K, capacity 2896K, committed 2944K, reserved 1048576K
}
Event: 2.957 GC heap before
{Heap before GC invocations=6 (full 1):
 PSYoungGen      total 136192K, used 131072K [0x00000000d6900000, 0x00000000df300000, 0x0000000100000000)
  eden space 131072K, 100% used [0x00000000d6900000,0x00000000de900000,0x00000000de900000)
  from space 5120K, 0% used [0x00000000dee00000,0x00000000dee00000,0x00000000df300000)
  to   space 5120K, 0% used [0x00000000de900000,0x00000000de900000,0x00000000dee00000)
 ParOldGen       total 59904K, used 6767K [0x0000000083a00000, 0x0000000087480000, 0x00000000d6900000)
  object space 59904K, 11% used [0x0000000083a00000,0x000000008409bea8,0x0000000087480000)
 Metaspace       used 27356K, capacity 29188K, committed 29440K, reserved 1075200K
  class space    used 3717K, capacity 4082K, committed 4096K, reserved 1048576K

