# JRE version: OpenJDK Runtime Environment (8.0_292-b10) (build 1.8.0_292-8u292-b10-0ubuntu1~16.04.1-b10)
# Java VM: OpenJDK 64-Bit Server VM (25.292-b10 mixed mode linux-amd64 compressed oops)
Heap:
 PSYoungGen      total 136192K, used 5098K [0x00000000d6900000, 0x00000000df300000, 0x0000000100000000)
  eden space 131072K, 0% used [0x00000000d6900000,0x00000000d6900000,0x00000000de900000)
  from space 5120K, 99% used [0x00000000de900000,0x00000000dedfaba8,0x00000000dee00000)
  to   space 5120K, 0% used [0x00000000dee00000,0x00000000dee00000,0x00000000df300000)
 ParOldGen       total 56320K, used 13647K [0x0000000083a00000, 0x0000000087100000, 0x00000000d6900000)
  object space 56320K, 24% used [0x0000000083a00000,0x0000000084753c18,0x0000000087100000)
 Metaspace       used 27558K, capacity 29442K, committed 29568K, reserved 1075200K
  class space    used 3774K, capacity 4101K, committed 4224K, reserved 1048576K
GC Heap History (10 events):
Event: 0.717 GC heap after
Heap after GC invocations=1 (full 0):
 PSYoungGen      total 37888K, used 4338K [0x00000000d6900000, 0x00000000db300000, 0x0000000100000000)
  eden space 32768K, 0% used [0x00000000d6900000,0x00000000d6900000,0x00000000d8900000)
  from space 5120K, 84% used [0x00000000d8900000,0x00000000d8d3cb08,0x00000000d8e00000)
  to   space 5120K, 0% used [0x00000000dae00000,0x00000000dae00000,0x00000000db300000)
 ParOldGen       total 86016K, used 8K [0x0000000083a00000, 0x0000000088e00000, 0x00000000d6900000)
  object space 86016K, 0% used [0x0000000083a00000,0x0000000083a02000,0x0000000088e00000)
 Metaspace       used 10668K, capacity 10990K, committed 11136K, reserved 1058816K
  class space    used 1310K, capacity 1401K, committed 1408K, reserved 1048576K
}
Event: 1.104 GC heap before
{Heap before GC invocations=2 (full 0):
 PSYoungGen      total 37888K, used 37106K [0x00000000d6900000, 0x00000000db300000, 0x0000000100000000)
  eden space 32768K, 100% used [0x00000000d6900000,0x00000000d8900000,0x00000000d8900000)
  from space 5120K, 84% used [0x00000000d8900000,0x00000000d8d3cb08,0x00000000d8e00000)
  to   space 5120K, 0% used [0x00000000dae00000,0x00000000dae00000,0x00000000db300000)
 ParOldGen       total 86016K, used 8K [0x0000000083a00000, 0x0000000088e00000, 0x00000000d6900000)
  object space 86016K, 0% used [0x0000000083a00000,0x0000000083a02000,0x0000000088e00000)
 Metaspace       used 14135K, capacity 14854K, committed 15104K, reserved 1062912K
  class space    used 1867K, capacity 2033K, committed 2048K, reserved 1048576K
Event: 1.111 GC heap after
Heap after GC invocations=2 (full 0):
 PSYoungGen      total 70656K, used 5090K [0x00000000d6900000, 0x00000000db300000, 0x0000000100000000)
  eden space 65536K, 0% used [0x00000000d6900000,0x00000000d6900000,0x00000000da900000)
  from space 5120K, 99% used [0x00000000dae00000,0x00000000db2f88e0,0x00000000db300000)
  to   space 5120K, 0% used [0x00000000da900000,0x00000000da900000,0x00000000dae00000)
 ParOldGen       total 86016K, used 857K [0x0000000083a00000, 0x0000000088e00000, 0x00000000d6900000)
  object space 86016K, 0% used [0x0000000083a00000,0x0000000083ad64d0,0x0000000088e00000)
 Metaspace       used 14135K, capacity 14854K, committed 15104K, reserved 1062912K
  class space    used 1867K, capacity 2033K, committed 2048K, reserved 1048576K
}
Event: 2.036 GC heap before
{Heap before GC invocations=3 (full 0):
 PSYoungGen      total 70656K, used 70626K [0x00000000d6900000, 0x00000000db300000, 0x0000000100000000)
  eden space 65536K, 100% used [0x00000000d6900000,0x00000000da900000,0x00000000da900000)
  from space 5120K, 99% used [0x00000000dae00000,0x00000000db2f88e0,0x00000000db300000)
  to   space 5120K, 0% used [0x00000000da900000,0x00000000da900000,0x00000000dae00000)
 ParOldGen       total 86016K, used 857K [0x0000000083a00000, 0x0000000088e00000, 0x00000000d6900000)
  object space 86016K, 0% used [0x0000000083a00000,0x0000000083ad64d0,0x0000000088e00000)
 Metaspace       used 19809K, capacity 20770K, committed 20992K, reserved 1067008K
  class space    used 2606K, capacity 2815K, committed 2816K, reserved 1048576K
Event: 2.068 GC heap after
Heap after GC invocations=3 (full 0):
 PSYoungGen      total 70656K, used 5109K [0x00000000d6900000, 0x00000000df300000, 0x0000000100000000)
  eden space 65536K, 0% used [0x00000000d6900000,0x00000000d6900000,0x00000000da900000)
  from space 5120K, 99% used [0x00000000da900000,0x00000000dadfd6d8,0x00000000dae00000)
  to   space 5120K, 0% used [0x00000000dee00000,0x00000000dee00000,0x00000000df300000)
 ParOldGen       total 86016K, used 6456K [0x0000000083a00000, 0x0000000088e00000, 0x00000000d6900000)
  object space 86016K, 7% used [0x0000000083a00000,0x000000008404e070,0x0000000088e00000)
 Metaspace       used 19809K, capacity 20770K, committed 20992K, reserved 1067008K
  class space    used 2606K, capacity 2815K, committed 2816K, reserved 1048576K
}
Event: 2.281 GC heap before
{Heap before GC invocations=4 (full 0):
 PSYoungGen      total 70656K, used 17134K [0x00000000d6900000, 0x00000000df300000, 0x0000000100000000)
  eden space 65536K, 18% used [0x00000000d6900000,0x00000000d74be1b8,0x00000000da900000)
  from space 5120K, 99% used [0x00000000da900000,0x00000000dadfd6d8,0x00000000dae00000)
  to   space 5120K, 0% used [0x00000000dee00000,0x00000000dee00000,0x00000000df300000)
 ParOldGen       total 86016K, used 6456K [0x0000000083a00000, 0x0000000088e00000, 0x00000000d6900000)
  object space 86016K, 7% used [0x0000000083a00000,0x000000008404e070,0x0000000088e00000)
 Metaspace       used 20282K, capacity 21260K, committed 21296K, reserved 1067008K
  class space    used 2693K, capacity 2908K, committed 2944K, reserved 1048576K
Event: 2.292 GC heap after
Heap after GC invocations=4 (full 0):
 PSYoungGen      total 136192K, used 5104K [0x00000000d6900000, 0x00000000df300000, 0x0000000100000000)
  eden space 131072K, 0% used [0x00000000d6900000,0x00000000d6900000,0x00000000de900000)
  from space 5120K, 99% used [0x00000000dee00000,0x00000000df2fc010,0x00000000df300000)
  to   space 5120K, 0% used [0x00000000de900000,0x00000000de900000,0x00000000dee00000)
 ParOldGen       total 86016K, used 7347K [0x0000000083a00000, 0x0000000088e00000, 0x00000000d6900000)
  object space 86016K, 8% used [0x0000000083a00000,0x000000008412cfc8,0x0000000088e00000)
 Metaspace       used 20282K, capacity 21260K, committed 21296K, reserved 1067008K
  class space    used 2693K, capacity 2908K, committed 2944K, reserved 1048576K
}
Event: 2.292 GC heap before
{Heap before GC invocations=5 (full 1):
 PSYoungGen      total 136192K, used 5104K [0x00000000d6900000, 0x00000000df300000, 0x0000000100000000)
  eden space 131072K, 0% used [0x00000000d6900000,0x00000000d6900000,0x00000000de900000)
  from space 5120K, 99% used [0x00000000dee00000,0x00000000df2fc010,0x00000000df300000)
  to   space 5120K, 0% used [0x00000000de900000,0x00000000de900000,0x00000000dee00000)
 ParOldGen       total 86016K, used 7347K [0x0000000083a00000, 0x0000000088e00000, 0x00000000d6900000)
  object space 86016K, 8% used [0x0000000083a00000,0x000000008412cfc8,0x0000000088e00000)
 Metaspace       used 20282K, capacity 21260K, committed 21296K, reserved 1067008K
  class space    used 2693K, capacity 2908K, committed 2944K, reserved 1048576K
Event: 2.322 GC heap after
Heap after GC invocations=5 (full 1):
 PSYoungGen      total 136192K, used 0K [0x00000000d6900000, 0x00000000df300000, 0x0000000100000000)
  eden space 131072K, 0% used [0x00000000d6900000,0x00000000d6900000,0x00000000de900000)
  from space 5120K, 0% used [0x00000000dee00000,0x00000000dee00000,0x00000000df300000)
  to   space 5120K, 0% used [0x00000000de900000,0x00000000de900000,0x00000000dee00000)
 ParOldGen       total 56320K, used 6963K [0x0000000083a00000, 0x0000000087100000, 0x00000000d6900000)
  object space 56320K, 12% used [0x0000000083a00000,0x00000000840ccd90,0x0000000087100000)
 Metaspace       used 20282K, capacity 21260K, committed 21296K, reserved 1067008K
  class space    used 2693K, capacity 2908K, committed 2944K, reserved 1048576K
}
Event: 3.511 GC heap before
{Heap before GC invocations=6 (full 1):
 PSYoungGen      total 136192K, used 131072K [0x00000000d6900000, 0x00000000df300000, 0x0000000100000000)
  eden space 131072K, 100% used [0x00000000d6900000,0x00000000de900000,0x00000000de900000)
  from space 5120K, 0% used [0x00000000dee00000,0x00000000dee00000,0x00000000df300000)
  to   space 5120K, 0% used [0x00000000de900000,0x00000000de900000,0x00000000dee00000)
 ParOldGen       total 56320K, used 6963K [0x0000000083a00000, 0x0000000087100000, 0x00000000d6900000)
  object space 56320K, 12% used [0x0000000083a00000,0x00000000840ccd90,0x0000000087100000)
 Metaspace       used 27558K, capacity 29442K, committed 29568K, reserved 1075200K
  class space    used 3774K, capacity 4101K, committed 4224K, reserved 1048576K

