# JRE version: OpenJDK Runtime Environment (8.0_292-b10) (build 1.8.0_292-8u292-b10-0ubuntu1~16.04.1-b10)
# Java VM: OpenJDK 64-Bit Server VM (25.292-b10 mixed mode linux-amd64 compressed oops)
Heap:
 PSYoungGen      total 219136K, used 11752K [0x00000000d6900000, 0x00000000e6700000, 0x0000000100000000)
  eden space 207360K, 0% used [0x00000000d6900000,0x00000000d6900000,0x00000000e3380000)
  from space 11776K, 99% used [0x00000000e3380000,0x00000000e3efa280,0x00000000e3f00000)
  to   space 11264K, 0% used [0x00000000e3f00000,0x00000000e3f00000,0x00000000e4a00000)
 ParOldGen       total 70144K, used 21493K [0x0000000083a00000, 0x0000000087e80000, 0x00000000d6900000)
  object space 70144K, 30% used [0x0000000083a00000,0x0000000084efd488,0x0000000087e80000)
 Metaspace       used 48222K, capacity 51234K, committed 51456K, reserved 1093632K
  class space    used 6559K, capacity 7164K, committed 7168K, reserved 1048576K
GC Heap History (10 events):
Event: 2.009 GC heap after
Heap after GC invocations=6 (full 1):
 PSYoungGen      total 70656K, used 0K [0x00000000d6900000, 0x00000000dfb00000, 0x0000000100000000)
  eden space 65536K, 0% used [0x00000000d6900000,0x00000000d6900000,0x00000000da900000)
  from space 5120K, 0% used [0x00000000da900000,0x00000000da900000,0x00000000dae00000)
  to   space 9216K, 0% used [0x00000000df200000,0x00000000df200000,0x00000000dfb00000)
 ParOldGen       total 49664K, used 6842K [0x0000000083a00000, 0x0000000086a80000, 0x00000000d6900000)
  object space 49664K, 13% used [0x0000000083a00000,0x00000000840ae800,0x0000000086a80000)
 Metaspace       used 20273K, capacity 21268K, committed 21296K, reserved 1067008K
  class space    used 2692K, capacity 2930K, committed 2944K, reserved 1048576K
}
Event: 2.357 GC heap before
{Heap before GC invocations=7 (full 1):
 PSYoungGen      total 70656K, used 65536K [0x00000000d6900000, 0x00000000dfb00000, 0x0000000100000000)
  eden space 65536K, 100% used [0x00000000d6900000,0x00000000da900000,0x00000000da900000)
  from space 5120K, 0% used [0x00000000da900000,0x00000000da900000,0x00000000dae00000)
  to   space 9216K, 0% used [0x00000000df200000,0x00000000df200000,0x00000000dfb00000)
 ParOldGen       total 49664K, used 6842K [0x0000000083a00000, 0x0000000086a80000, 0x00000000d6900000)
  object space 49664K, 13% used [0x0000000083a00000,0x00000000840ae800,0x0000000086a80000)
 Metaspace       used 23627K, capacity 25052K, committed 25344K, reserved 1071104K
  class space    used 3213K, capacity 3528K, committed 3584K, reserved 1048576K
Event: 2.362 GC heap after
Heap after GC invocations=7 (full 1):
 PSYoungGen      total 124416K, used 6307K [0x00000000d6900000, 0x00000000df880000, 0x0000000100000000)
  eden space 117760K, 0% used [0x00000000d6900000,0x00000000d6900000,0x00000000ddc00000)
  from space 6656K, 94% used [0x00000000df200000,0x00000000df828e30,0x00000000df880000)
  to   space 8704K, 0% used [0x00000000de780000,0x00000000de780000,0x00000000df000000)
 ParOldGen       total 49664K, used 6850K [0x0000000083a00000, 0x0000000086a80000, 0x00000000d6900000)
  object space 49664K, 13% used [0x0000000083a00000,0x00000000840b0800,0x0000000086a80000)
 Metaspace       used 23627K, capacity 25052K, committed 25344K, reserved 1071104K
  class space    used 3213K, capacity 3528K, committed 3584K, reserved 1048576K
}
Event: 2.887 GC heap before
{Heap before GC invocations=8 (full 1):
 PSYoungGen      total 124416K, used 124067K [0x00000000d6900000, 0x00000000df880000, 0x0000000100000000)
  eden space 117760K, 100% used [0x00000000d6900000,0x00000000ddc00000,0x00000000ddc00000)
  from space 6656K, 94% used [0x00000000df200000,0x00000000df828e30,0x00000000df880000)
  to   space 8704K, 0% used [0x00000000de780000,0x00000000de780000,0x00000000df000000)
 ParOldGen       total 49664K, used 6850K [0x0000000083a00000, 0x0000000086a80000, 0x00000000d6900000)
  object space 49664K, 13% used [0x0000000083a00000,0x00000000840b0800,0x0000000086a80000)
 Metaspace       used 32800K, capacity 34802K, committed 35072K, reserved 1079296K
  class space    used 4433K, capacity 4831K, committed 4864K, reserved 1048576K
Event: 2.900 GC heap after
Heap after GC invocations=8 (full 1):
 PSYoungGen      total 138240K, used 8696K [0x00000000d6900000, 0x00000000e4a00000, 0x0000000100000000)
  eden space 129536K, 0% used [0x00000000d6900000,0x00000000d6900000,0x00000000de780000)
  from space 8704K, 99% used [0x00000000de780000,0x00000000deffe3f8,0x00000000df000000)
  to   space 11264K, 0% used [0x00000000e3f00000,0x00000000e3f00000,0x00000000e4a00000)
 ParOldGen       total 49664K, used 10078K [0x0000000083a00000, 0x0000000086a80000, 0x00000000d6900000)
  object space 49664K, 20% used [0x0000000083a00000,0x00000000843d7b30,0x0000000086a80000)
 Metaspace       used 32800K, capacity 34802K, committed 35072K, reserved 1079296K
  class space    used 4433K, capacity 4831K, committed 4864K, reserved 1048576K
}
Event: 2.933 GC heap before
{Heap before GC invocations=9 (full 1):
 PSYoungGen      total 138240K, used 21888K [0x00000000d6900000, 0x00000000e4a00000, 0x0000000100000000)
  eden space 129536K, 10% used [0x00000000d6900000,0x00000000d75e2000,0x00000000de780000)
  from space 8704K, 99% used [0x00000000de780000,0x00000000deffe3f8,0x00000000df000000)
  to   space 11264K, 0% used [0x00000000e3f00000,0x00000000e3f00000,0x00000000e4a00000)
 ParOldGen       total 49664K, used 10078K [0x0000000083a00000, 0x0000000086a80000, 0x00000000d6900000)
  object space 49664K, 20% used [0x0000000083a00000,0x00000000843d7b30,0x0000000086a80000)
 Metaspace       used 33307K, capacity 35346K, committed 35456K, reserved 1079296K
  class space    used 4511K, capacity 4927K, committed 4992K, reserved 1048576K
Event: 2.939 GC heap after
Heap after GC invocations=9 (full 1):
 PSYoungGen      total 218624K, used 8994K [0x00000000d6900000, 0x00000000e6700000, 0x0000000100000000)
  eden space 207360K, 0% used [0x00000000d6900000,0x00000000d6900000,0x00000000e3380000)
  from space 11264K, 79% used [0x00000000e3f00000,0x00000000e47c8a50,0x00000000e4a00000)
  to   space 11776K, 0% used [0x00000000e3380000,0x00000000e3380000,0x00000000e3f00000)
 ParOldGen       total 49664K, used 10086K [0x0000000083a00000, 0x0000000086a80000, 0x00000000d6900000)
  object space 49664K, 20% used [0x0000000083a00000,0x00000000843d9b30,0x0000000086a80000)
 Metaspace       used 33307K, capacity 35346K, committed 35456K, reserved 1079296K
  class space    used 4511K, capacity 4927K, committed 4992K, reserved 1048576K
}
Event: 2.939 GC heap before
{Heap before GC invocations=10 (full 2):
 PSYoungGen      total 218624K, used 8994K [0x00000000d6900000, 0x00000000e6700000, 0x0000000100000000)
  eden space 207360K, 0% used [0x00000000d6900000,0x00000000d6900000,0x00000000e3380000)
  from space 11264K, 79% used [0x00000000e3f00000,0x00000000e47c8a50,0x00000000e4a00000)
  to   space 11776K, 0% used [0x00000000e3380000,0x00000000e3380000,0x00000000e3f00000)
 ParOldGen       total 49664K, used 10086K [0x0000000083a00000, 0x0000000086a80000, 0x00000000d6900000)
  object space 49664K, 20% used [0x0000000083a00000,0x00000000843d9b30,0x0000000086a80000)
 Metaspace       used 33307K, capacity 35346K, committed 35456K, reserved 1079296K
  class space    used 4511K, capacity 4927K, committed 4992K, reserved 1048576K
Event: 2.986 GC heap after
Heap after GC invocations=10 (full 2):
 PSYoungGen      total 218624K, used 0K [0x00000000d6900000, 0x00000000e6700000, 0x0000000100000000)
  eden space 207360K, 0% used [0x00000000d6900000,0x00000000d6900000,0x00000000e3380000)
  from space 11264K, 0% used [0x00000000e3f00000,0x00000000e3f00000,0x00000000e4a00000)
  to   space 11776K, 0% used [0x00000000e3380000,0x00000000e3380000,0x00000000e3f00000)
 ParOldGen       total 70144K, used 14441K [0x0000000083a00000, 0x0000000087e80000, 0x00000000d6900000)
  object space 70144K, 20% used [0x0000000083a00000,0x000000008481a7d0,0x0000000087e80000)
 Metaspace       used 33307K, capacity 35346K, committed 35456K, reserved 1079296K
  class space    used 4511K, capacity 4927K, committed 4992K, reserved 1048576K
}
Event: 775.612 GC heap before
{Heap before GC invocations=11 (full 2):
 PSYoungGen      total 218624K, used 207360K [0x00000000d6900000, 0x00000000e6700000, 0x0000000100000000)
  eden space 207360K, 100% used [0x00000000d6900000,0x00000000e3380000,0x00000000e3380000)
  from space 11264K, 0% used [0x00000000e3f00000,0x00000000e3f00000,0x00000000e4a00000)
  to   space 11776K, 0% used [0x00000000e3380000,0x00000000e3380000,0x00000000e3f00000)
 ParOldGen       total 70144K, used 14441K [0x0000000083a00000, 0x0000000087e80000, 0x00000000d6900000)
  object space 70144K, 20% used [0x0000000083a00000,0x000000008481a7d0,0x0000000087e80000)
 Metaspace       used 48222K, capacity 51234K, committed 51456K, reserved 1093632K
  class space    used 6559K, capacity 7164K, committed 7168K, reserved 1048576K

