# JRE version: OpenJDK Runtime Environment (8.0_292-b10) (build 1.8.0_292-8u292-b10-0ubuntu1~16.04.1-b10)
# Java VM: OpenJDK 64-Bit Server VM (25.292-b10 mixed mode linux-amd64 compressed oops)
Heap:
 PSYoungGen      total 139264K, used 7251K [0x00000000d6900000, 0x00000000e1080000, 0x0000000100000000)
  eden space 129024K, 0% used [0x00000000d6900000,0x00000000d6900000,0x00000000de700000)
  from space 10240K, 70% used [0x00000000e0680000,0x00000000e0d94f58,0x00000000e1080000)
  to   space 8704K, 0% used [0x00000000de700000,0x00000000de700000,0x00000000def80000)
 ParOldGen       total 57344K, used 8131K [0x0000000083a00000, 0x0000000087200000, 0x00000000d6900000)
  object space 57344K, 14% used [0x0000000083a00000,0x00000000841f0e70,0x0000000087200000)
 Metaspace       used 33283K, capacity 35327K, committed 35456K, reserved 1079296K
  class space    used 4481K, capacity 4882K, committed 4992K, reserved 1048576K
GC Heap History (10 events):
Event: 1.539 GC heap after
Heap after GC invocations=4 (full 0):
 PSYoungGen      total 70656K, used 5088K [0x00000000d6900000, 0x00000000db300000, 0x0000000100000000)
  eden space 65536K, 0% used [0x00000000d6900000,0x00000000d6900000,0x00000000da900000)
  from space 5120K, 99% used [0x00000000dae00000,0x00000000db2f8040,0x00000000db300000)
  to   space 5120K, 0% used [0x00000000da900000,0x00000000da900000,0x00000000dae00000)
 ParOldGen       total 86016K, used 5765K [0x0000000083a00000, 0x0000000088e00000, 0x00000000d6900000)
  object space 86016K, 6% used [0x0000000083a00000,0x0000000083fa1738,0x0000000088e00000)
 Metaspace       used 19833K, capacity 20766K, committed 20992K, reserved 1067008K
  class space    used 2605K, capacity 2815K, committed 2816K, reserved 1048576K
}
Event: 1.599 GC heap before
{Heap before GC invocations=5 (full 0):
 PSYoungGen      total 70656K, used 16364K [0x00000000d6900000, 0x00000000db300000, 0x0000000100000000)
  eden space 65536K, 17% used [0x00000000d6900000,0x00000000d7403050,0x00000000da900000)
  from space 5120K, 99% used [0x00000000dae00000,0x00000000db2f8040,0x00000000db300000)
  to   space 5120K, 0% used [0x00000000da900000,0x00000000da900000,0x00000000dae00000)
 ParOldGen       total 86016K, used 5765K [0x0000000083a00000, 0x0000000088e00000, 0x00000000d6900000)
  object space 86016K, 6% used [0x0000000083a00000,0x0000000083fa1738,0x0000000088e00000)
 Metaspace       used 20289K, capacity 21261K, committed 21296K, reserved 1067008K
  class space    used 2690K, capacity 2909K, committed 2944K, reserved 1048576K
Event: 1.603 GC heap after
Heap after GC invocations=5 (full 0):
 PSYoungGen      total 70656K, used 5104K [0x00000000d6900000, 0x00000000dfa00000, 0x0000000100000000)
  eden space 65536K, 0% used [0x00000000d6900000,0x00000000d6900000,0x00000000da900000)
  from space 5120K, 99% used [0x00000000da900000,0x00000000dadfc010,0x00000000dae00000)
  to   space 8704K, 0% used [0x00000000df180000,0x00000000df180000,0x00000000dfa00000)
 ParOldGen       total 86016K, used 6672K [0x0000000083a00000, 0x0000000088e00000, 0x00000000d6900000)
  object space 86016K, 7% used [0x0000000083a00000,0x00000000840843f0,0x0000000088e00000)
 Metaspace       used 20289K, capacity 21261K, committed 21296K, reserved 1067008K
  class space    used 2690K, capacity 2909K, committed 2944K, reserved 1048576K
}
Event: 1.603 GC heap before
{Heap before GC invocations=6 (full 1):
 PSYoungGen      total 70656K, used 5104K [0x00000000d6900000, 0x00000000dfa00000, 0x0000000100000000)
  eden space 65536K, 0% used [0x00000000d6900000,0x00000000d6900000,0x00000000da900000)
  from space 5120K, 99% used [0x00000000da900000,0x00000000dadfc010,0x00000000dae00000)
  to   space 8704K, 0% used [0x00000000df180000,0x00000000df180000,0x00000000dfa00000)
 ParOldGen       total 86016K, used 6672K [0x0000000083a00000, 0x0000000088e00000, 0x00000000d6900000)
  object space 86016K, 7% used [0x0000000083a00000,0x00000000840843f0,0x0000000088e00000)
 Metaspace       used 20289K, capacity 21261K, committed 21296K, reserved 1067008K
  class space    used 2690K, capacity 2909K, committed 2944K, reserved 1048576K
Event: 1.635 GC heap after
Heap after GC invocations=6 (full 1):
 PSYoungGen      total 70656K, used 0K [0x00000000d6900000, 0x00000000dfa00000, 0x0000000100000000)
  eden space 65536K, 0% used [0x00000000d6900000,0x00000000d6900000,0x00000000da900000)
  from space 5120K, 0% used [0x00000000da900000,0x00000000da900000,0x00000000dae00000)
  to   space 8704K, 0% used [0x00000000df180000,0x00000000df180000,0x00000000dfa00000)
 ParOldGen       total 57344K, used 6935K [0x0000000083a00000, 0x0000000087200000, 0x00000000d6900000)
  object space 57344K, 12% used [0x0000000083a00000,0x00000000840c5da0,0x0000000087200000)
 Metaspace       used 20289K, capacity 21261K, committed 21296K, reserved 1067008K
  class space    used 2690K, capacity 2909K, committed 2944K, reserved 1048576K
}
Event: 1.981 GC heap before
{Heap before GC invocations=7 (full 1):
 PSYoungGen      total 70656K, used 65536K [0x00000000d6900000, 0x00000000dfa00000, 0x0000000100000000)
  eden space 65536K, 100% used [0x00000000d6900000,0x00000000da900000,0x00000000da900000)
  from space 5120K, 0% used [0x00000000da900000,0x00000000da900000,0x00000000dae00000)
  to   space 8704K, 0% used [0x00000000df180000,0x00000000df180000,0x00000000dfa00000)
 ParOldGen       total 57344K, used 6935K [0x0000000083a00000, 0x0000000087200000, 0x00000000d6900000)
  object space 57344K, 12% used [0x0000000083a00000,0x00000000840c5da0,0x0000000087200000)
 Metaspace       used 23699K, capacity 25047K, committed 25344K, reserved 1071104K
  class space    used 3227K, capacity 3528K, committed 3584K, reserved 1048576K
Event: 1.986 GC heap after
Heap after GC invocations=7 (full 1):
 PSYoungGen      total 107008K, used 6386K [0x00000000d6900000, 0x00000000df800000, 0x0000000100000000)
  eden space 100352K, 0% used [0x00000000d6900000,0x00000000d6900000,0x00000000dcb00000)
  from space 6656K, 95% used [0x00000000df180000,0x00000000df7bc8a0,0x00000000df800000)
  to   space 8704K, 0% used [0x00000000de700000,0x00000000de700000,0x00000000def80000)
 ParOldGen       total 57344K, used 6943K [0x0000000083a00000, 0x0000000087200000, 0x00000000d6900000)
  object space 57344K, 12% used [0x0000000083a00000,0x00000000840c7da0,0x0000000087200000)
 Metaspace       used 23699K, capacity 25047K, committed 25344K, reserved 1071104K
  class space    used 3227K, capacity 3528K, committed 3584K, reserved 1048576K
}
Event: 2.584 GC heap before
{Heap before GC invocations=8 (full 1):
 PSYoungGen      total 107008K, used 106738K [0x00000000d6900000, 0x00000000df800000, 0x0000000100000000)
  eden space 100352K, 100% used [0x00000000d6900000,0x00000000dcb00000,0x00000000dcb00000)
  from space 6656K, 95% used [0x00000000df180000,0x00000000df7bc8a0,0x00000000df800000)
  to   space 8704K, 0% used [0x00000000de700000,0x00000000de700000,0x00000000def80000)
 ParOldGen       total 57344K, used 6943K [0x0000000083a00000, 0x0000000087200000, 0x00000000d6900000)
  object space 57344K, 12% used [0x0000000083a00000,0x00000000840c7da0,0x0000000087200000)
 Metaspace       used 31156K, capacity 33107K, committed 33408K, reserved 1077248K
  class space    used 4247K, capacity 4620K, committed 4736K, reserved 1048576K
Event: 2.592 GC heap after
Heap after GC invocations=8 (full 1):
 PSYoungGen      total 137728K, used 8692K [0x00000000d6900000, 0x00000000e1080000, 0x0000000100000000)
  eden space 129024K, 0% used [0x00000000d6900000,0x00000000d6900000,0x00000000de700000)
  from space 8704K, 99% used [0x00000000de700000,0x00000000def7d0e0,0x00000000def80000)
  to   space 10240K, 0% used [0x00000000e0680000,0x00000000e0680000,0x00000000e1080000)
 ParOldGen       total 57344K, used 8131K [0x0000000083a00000, 0x0000000087200000, 0x00000000d6900000)
  object space 57344K, 14% used [0x0000000083a00000,0x00000000841f0e70,0x0000000087200000)
 Metaspace       used 31156K, capacity 33107K, committed 33408K, reserved 1077248K
  class space    used 4247K, capacity 4620K, committed 4736K, reserved 1048576K
}
Event: 2.746 GC heap before
{Heap before GC invocations=9 (full 1):
 PSYoungGen      total 137728K, used 36833K [0x00000000d6900000, 0x00000000e1080000, 0x0000000100000000)
  eden space 129024K, 21% used [0x00000000d6900000,0x00000000d847b3d0,0x00000000de700000)
  from space 8704K, 99% used [0x00000000de700000,0x00000000def7d0e0,0x00000000def80000)
  to   space 10240K, 0% used [0x00000000e0680000,0x00000000e0680000,0x00000000e1080000)
 ParOldGen       total 57344K, used 8131K [0x0000000083a00000, 0x0000000087200000, 0x00000000d6900000)
  object space 57344K, 14% used [0x0000000083a00000,0x00000000841f0e70,0x0000000087200000)
 Metaspace       used 33283K, capacity 35327K, committed 35456K, reserved 1079296K
  class space    used 4481K, capacity 4882K, committed 4992K, reserved 1048576K

