# JRE version: OpenJDK Runtime Environment (8.0_292-b10) (build 1.8.0_292-8u292-b10-0ubuntu1~16.04.1-b10)
# Java VM: OpenJDK 64-Bit Server VM (25.292-b10 mixed mode linux-amd64 compressed oops)
Heap:
 PSYoungGen      total 137216K, used 8689K [0x00000000d6900000, 0x00000000df880000, 0x0000000100000000)
  eden space 128512K, 0% used [0x00000000d6900000,0x00000000d6900000,0x00000000de680000)
  from space 8704K, 99% used [0x00000000de780000,0x00000000deffc5e8,0x00000000df000000)
  to   space 6656K, 0% used [0x00000000df200000,0x00000000df200000,0x00000000df880000)
 ParOldGen       total 45056K, used 9640K [0x0000000083a00000, 0x0000000086600000, 0x00000000d6900000)
  object space 45056K, 21% used [0x0000000083a00000,0x000000008436a148,0x0000000086600000)
 Metaspace       used 33271K, capacity 35344K, committed 35456K, reserved 1079296K
  class space    used 4466K, capacity 4892K, committed 4992K, reserved 1048576K
GC Heap History (10 events):
Event: 2.105 GC heap after
Heap after GC invocations=3 (full 0):
 PSYoungGen      total 37888K, used 5094K [0x00000000d6900000, 0x00000000db300000, 0x0000000100000000)
  eden space 32768K, 0% used [0x00000000d6900000,0x00000000d6900000,0x00000000d8900000)
  from space 5120K, 99% used [0x00000000d8900000,0x00000000d8df99a8,0x00000000d8e00000)
  to   space 5120K, 0% used [0x00000000dae00000,0x00000000dae00000,0x00000000db300000)
 ParOldGen       total 86016K, used 3261K [0x0000000083a00000, 0x0000000088e00000, 0x00000000d6900000)
  object space 86016K, 3% used [0x0000000083a00000,0x0000000083d2f5a0,0x0000000088e00000)
 Metaspace       used 17918K, capacity 18772K, committed 18944K, reserved 1064960K
  class space    used 2331K, capacity 2528K, committed 2560K, reserved 1048576K
}
Event: 12.569 GC heap before
{Heap before GC invocations=4 (full 0):
 PSYoungGen      total 37888K, used 37862K [0x00000000d6900000, 0x00000000db300000, 0x0000000100000000)
  eden space 32768K, 100% used [0x00000000d6900000,0x00000000d8900000,0x00000000d8900000)
  from space 5120K, 99% used [0x00000000d8900000,0x00000000d8df99a8,0x00000000d8e00000)
  to   space 5120K, 0% used [0x00000000dae00000,0x00000000dae00000,0x00000000db300000)
 ParOldGen       total 86016K, used 3261K [0x0000000083a00000, 0x0000000088e00000, 0x00000000d6900000)
  object space 86016K, 3% used [0x0000000083a00000,0x0000000083d2f5a0,0x0000000088e00000)
 Metaspace       used 19842K, capacity 20778K, committed 20992K, reserved 1067008K
  class space    used 2604K, capacity 2815K, committed 2816K, reserved 1048576K
Event: 13.378 GC heap after
Heap after GC invocations=4 (full 0):
 PSYoungGen      total 70656K, used 5093K [0x00000000d6900000, 0x00000000db300000, 0x0000000100000000)
  eden space 65536K, 0% used [0x00000000d6900000,0x00000000d6900000,0x00000000da900000)
  from space 5120K, 99% used [0x00000000dae00000,0x00000000db2f96c8,0x00000000db300000)
  to   space 5120K, 0% used [0x00000000da900000,0x00000000da900000,0x00000000dae00000)
 ParOldGen       total 86016K, used 6017K [0x0000000083a00000, 0x0000000088e00000, 0x00000000d6900000)
  object space 86016K, 6% used [0x0000000083a00000,0x0000000083fe04a0,0x0000000088e00000)
 Metaspace       used 19842K, capacity 20778K, committed 20992K, reserved 1067008K
  class space    used 2604K, capacity 2815K, committed 2816K, reserved 1048576K
}
Event: 61.341 GC heap before
{Heap before GC invocations=5 (full 0):
 PSYoungGen      total 70656K, used 20094K [0x00000000d6900000, 0x00000000db300000, 0x0000000100000000)
  eden space 65536K, 22% used [0x00000000d6900000,0x00000000d77a64e8,0x00000000da900000)
  from space 5120K, 99% used [0x00000000dae00000,0x00000000db2f96c8,0x00000000db300000)
  to   space 5120K, 0% used [0x00000000da900000,0x00000000da900000,0x00000000dae00000)
 ParOldGen       total 86016K, used 6017K [0x0000000083a00000, 0x0000000088e00000, 0x00000000d6900000)
  object space 86016K, 6% used [0x0000000083a00000,0x0000000083fe04a0,0x0000000088e00000)
 Metaspace       used 20288K, capacity 21250K, committed 21296K, reserved 1067008K
  class space    used 2682K, capacity 2899K, committed 2944K, reserved 1048576K
Event: 61.489 GC heap after
Heap after GC invocations=5 (full 0):
 PSYoungGen      total 70656K, used 5088K [0x00000000d6900000, 0x00000000dfb00000, 0x0000000100000000)
  eden space 65536K, 0% used [0x00000000d6900000,0x00000000d6900000,0x00000000da900000)
  from space 5120K, 99% used [0x00000000da900000,0x00000000dadf8020,0x00000000dae00000)
  to   space 9216K, 0% used [0x00000000df200000,0x00000000df200000,0x00000000dfb00000)
 ParOldGen       total 86016K, used 6960K [0x0000000083a00000, 0x0000000088e00000, 0x00000000d6900000)
  object space 86016K, 8% used [0x0000000083a00000,0x00000000840cc138,0x0000000088e00000)
 Metaspace       used 20288K, capacity 21250K, committed 21296K, reserved 1067008K
  class space    used 2682K, capacity 2899K, committed 2944K, reserved 1048576K
}
Event: 61.490 GC heap before
{Heap before GC invocations=6 (full 1):
 PSYoungGen      total 70656K, used 5088K [0x00000000d6900000, 0x00000000dfb00000, 0x0000000100000000)
  eden space 65536K, 0% used [0x00000000d6900000,0x00000000d6900000,0x00000000da900000)
  from space 5120K, 99% used [0x00000000da900000,0x00000000dadf8020,0x00000000dae00000)
  to   space 9216K, 0% used [0x00000000df200000,0x00000000df200000,0x00000000dfb00000)
 ParOldGen       total 86016K, used 6960K [0x0000000083a00000, 0x0000000088e00000, 0x00000000d6900000)
  object space 86016K, 8% used [0x0000000083a00000,0x00000000840cc138,0x0000000088e00000)
 Metaspace       used 20288K, capacity 21250K, committed 21296K, reserved 1067008K
  class space    used 2682K, capacity 2899K, committed 2944K, reserved 1048576K
Event: 61.544 GC heap after
Heap after GC invocations=6 (full 1):
 PSYoungGen      total 70656K, used 0K [0x00000000d6900000, 0x00000000dfb00000, 0x0000000100000000)
  eden space 65536K, 0% used [0x00000000d6900000,0x00000000d6900000,0x00000000da900000)
  from space 5120K, 0% used [0x00000000da900000,0x00000000da900000,0x00000000dae00000)
  to   space 9216K, 0% used [0x00000000df200000,0x00000000df200000,0x00000000dfb00000)
 ParOldGen       total 45056K, used 6950K [0x0000000083a00000, 0x0000000086600000, 0x00000000d6900000)
  object space 45056K, 15% used [0x0000000083a00000,0x00000000840c9988,0x0000000086600000)
 Metaspace       used 20288K, capacity 21250K, committed 21296K, reserved 1067008K
  class space    used 2682K, capacity 2899K, committed 2944K, reserved 1048576K
}
Event: 62.336 GC heap before
{Heap before GC invocations=7 (full 1):
 PSYoungGen      total 70656K, used 65536K [0x00000000d6900000, 0x00000000dfb00000, 0x0000000100000000)
  eden space 65536K, 100% used [0x00000000d6900000,0x00000000da900000,0x00000000da900000)
  from space 5120K, 0% used [0x00000000da900000,0x00000000da900000,0x00000000dae00000)
  to   space 9216K, 0% used [0x00000000df200000,0x00000000df200000,0x00000000dfb00000)
 ParOldGen       total 45056K, used 6950K [0x0000000083a00000, 0x0000000086600000, 0x00000000d6900000)
  object space 45056K, 15% used [0x0000000083a00000,0x00000000840c9988,0x0000000086600000)
 Metaspace       used 23776K, capacity 25192K, committed 25344K, reserved 1071104K
  class space    used 3229K, capacity 3528K, committed 3584K, reserved 1048576K
Event: 62.356 GC heap after
Heap after GC invocations=7 (full 1):
 PSYoungGen      total 135168K, used 6381K [0x00000000d6900000, 0x00000000df880000, 0x0000000100000000)
  eden space 128512K, 0% used [0x00000000d6900000,0x00000000d6900000,0x00000000de680000)
  from space 6656K, 95% used [0x00000000df200000,0x00000000df83b538,0x00000000df880000)
  to   space 8704K, 0% used [0x00000000de780000,0x00000000de780000,0x00000000df000000)
 ParOldGen       total 45056K, used 6958K [0x0000000083a00000, 0x0000000086600000, 0x00000000d6900000)
  object space 45056K, 15% used [0x0000000083a00000,0x00000000840cb988,0x0000000086600000)
 Metaspace       used 23776K, capacity 25192K, committed 25344K, reserved 1071104K
  class space    used 3229K, capacity 3528K, committed 3584K, reserved 1048576K
}
Event: 69.501 GC heap before
{Heap before GC invocations=8 (full 1):
 PSYoungGen      total 135168K, used 134221K [0x00000000d6900000, 0x00000000df880000, 0x0000000100000000)
  eden space 128512K, 99% used [0x00000000d6900000,0x00000000de5d7f40,0x00000000de680000)
  from space 6656K, 95% used [0x00000000df200000,0x00000000df83b538,0x00000000df880000)
  to   space 8704K, 0% used [0x00000000de780000,0x00000000de780000,0x00000000df000000)
 ParOldGen       total 45056K, used 6958K [0x0000000083a00000, 0x0000000086600000, 0x00000000d6900000)
  object space 45056K, 15% used [0x0000000083a00000,0x00000000840cb988,0x0000000086600000)
 Metaspace       used 33271K, capacity 35344K, committed 35456K, reserved 1079296K
  class space    used 4466K, capacity 4892K, committed 4992K, reserved 1048576K

