# JRE version: OpenJDK Runtime Environment (8.0_292-b10) (build 1.8.0_292-8u292-b10-0ubuntu1~16.04.1-b10)
# Java VM: OpenJDK 64-Bit Server VM (25.292-b10 mixed mode linux-amd64 compressed oops)
Heap:
 PSYoungGen      total 136192K, used 5108K [0x00000000d6900000, 0x00000000df300000, 0x0000000100000000)
  eden space 131072K, 0% used [0x00000000d6900000,0x00000000d6900000,0x00000000de900000)
  from space 5120K, 99% used [0x00000000de900000,0x00000000dedfd030,0x00000000dee00000)
  to   space 5120K, 0% used [0x00000000dee00000,0x00000000dee00000,0x00000000df300000)
 ParOldGen       total 62976K, used 13833K [0x0000000083a00000, 0x0000000087780000, 0x00000000d6900000)
  object space 62976K, 21% used [0x0000000083a00000,0x0000000084782608,0x0000000087780000)
 Metaspace       used 27638K, capacity 29519K, committed 29824K, reserved 1075200K
  class space    used 3783K, capacity 4168K, committed 4224K, reserved 1048576K
GC Heap History (10 events):
Event: 0.656 GC heap after
Heap after GC invocations=1 (full 0):
 PSYoungGen      total 37888K, used 4386K [0x00000000d6900000, 0x00000000db300000, 0x0000000100000000)
  eden space 32768K, 0% used [0x00000000d6900000,0x00000000d6900000,0x00000000d8900000)
  from space 5120K, 85% used [0x00000000d8900000,0x00000000d8d48af8,0x00000000d8e00000)
  to   space 5120K, 0% used [0x00000000dae00000,0x00000000dae00000,0x00000000db300000)
 ParOldGen       total 86016K, used 8K [0x0000000083a00000, 0x0000000088e00000, 0x00000000d6900000)
  object space 86016K, 0% used [0x0000000083a00000,0x0000000083a02000,0x0000000088e00000)
 Metaspace       used 10682K, capacity 10990K, committed 11136K, reserved 1058816K
  class space    used 1310K, capacity 1401K, committed 1408K, reserved 1048576K
}
Event: 0.877 GC heap before
{Heap before GC invocations=2 (full 0):
 PSYoungGen      total 37888K, used 37154K [0x00000000d6900000, 0x00000000db300000, 0x0000000100000000)
  eden space 32768K, 100% used [0x00000000d6900000,0x00000000d8900000,0x00000000d8900000)
  from space 5120K, 85% used [0x00000000d8900000,0x00000000d8d48af8,0x00000000d8e00000)
  to   space 5120K, 0% used [0x00000000dae00000,0x00000000dae00000,0x00000000db300000)
 ParOldGen       total 86016K, used 8K [0x0000000083a00000, 0x0000000088e00000, 0x00000000d6900000)
  object space 86016K, 0% used [0x0000000083a00000,0x0000000083a02000,0x0000000088e00000)
 Metaspace       used 14151K, capacity 14854K, committed 15104K, reserved 1062912K
  class space    used 1868K, capacity 2033K, committed 2048K, reserved 1048576K
Event: 0.884 GC heap after
Heap after GC invocations=2 (full 0):
 PSYoungGen      total 70656K, used 5117K [0x00000000d6900000, 0x00000000db300000, 0x0000000100000000)
  eden space 65536K, 0% used [0x00000000d6900000,0x00000000d6900000,0x00000000da900000)
  from space 5120K, 99% used [0x00000000dae00000,0x00000000db2ff420,0x00000000db300000)
  to   space 5120K, 0% used [0x00000000da900000,0x00000000da900000,0x00000000dae00000)
 ParOldGen       total 86016K, used 867K [0x0000000083a00000, 0x0000000088e00000, 0x00000000d6900000)
  object space 86016K, 1% used [0x0000000083a00000,0x0000000083ad8f00,0x0000000088e00000)
 Metaspace       used 14151K, capacity 14854K, committed 15104K, reserved 1062912K
  class space    used 1868K, capacity 2033K, committed 2048K, reserved 1048576K
}
Event: 1.765 GC heap before
{Heap before GC invocations=3 (full 0):
 PSYoungGen      total 70656K, used 70653K [0x00000000d6900000, 0x00000000db300000, 0x0000000100000000)
  eden space 65536K, 100% used [0x00000000d6900000,0x00000000da900000,0x00000000da900000)
  from space 5120K, 99% used [0x00000000dae00000,0x00000000db2ff420,0x00000000db300000)
  to   space 5120K, 0% used [0x00000000da900000,0x00000000da900000,0x00000000dae00000)
 ParOldGen       total 86016K, used 867K [0x0000000083a00000, 0x0000000088e00000, 0x00000000d6900000)
  object space 86016K, 1% used [0x0000000083a00000,0x0000000083ad8f00,0x0000000088e00000)
 Metaspace       used 19657K, capacity 20622K, committed 20736K, reserved 1067008K
  class space    used 2585K, capacity 2807K, committed 2816K, reserved 1048576K
Event: 1.773 GC heap after
Heap after GC invocations=3 (full 0):
 PSYoungGen      total 70656K, used 5113K [0x00000000d6900000, 0x00000000df300000, 0x0000000100000000)
  eden space 65536K, 0% used [0x00000000d6900000,0x00000000d6900000,0x00000000da900000)
  from space 5120K, 99% used [0x00000000da900000,0x00000000dadfe750,0x00000000dae00000)
  to   space 5120K, 0% used [0x00000000dee00000,0x00000000dee00000,0x00000000df300000)
 ParOldGen       total 86016K, used 5972K [0x0000000083a00000, 0x0000000088e00000, 0x00000000d6900000)
  object space 86016K, 6% used [0x0000000083a00000,0x0000000083fd5228,0x0000000088e00000)
 Metaspace       used 19657K, capacity 20622K, committed 20736K, reserved 1067008K
  class space    used 2585K, capacity 2807K, committed 2816K, reserved 1048576K
}
Event: 1.990 GC heap before
{Heap before GC invocations=4 (full 0):
 PSYoungGen      total 70656K, used 18200K [0x00000000d6900000, 0x00000000df300000, 0x0000000100000000)
  eden space 65536K, 19% used [0x00000000d6900000,0x00000000d75c7af0,0x00000000da900000)
  from space 5120K, 99% used [0x00000000da900000,0x00000000dadfe750,0x00000000dae00000)
  to   space 5120K, 0% used [0x00000000dee00000,0x00000000dee00000,0x00000000df300000)
 ParOldGen       total 86016K, used 5972K [0x0000000083a00000, 0x0000000088e00000, 0x00000000d6900000)
  object space 86016K, 6% used [0x0000000083a00000,0x0000000083fd5228,0x0000000088e00000)
 Metaspace       used 20283K, capacity 21261K, committed 21296K, reserved 1067008K
  class space    used 2691K, capacity 2909K, committed 2944K, reserved 1048576K
Event: 1.998 GC heap after
Heap after GC invocations=4 (full 0):
 PSYoungGen      total 136192K, used 5093K [0x00000000d6900000, 0x00000000df300000, 0x0000000100000000)
  eden space 131072K, 0% used [0x00000000d6900000,0x00000000d6900000,0x00000000de900000)
  from space 5120K, 99% used [0x00000000dee00000,0x00000000df2f96c8,0x00000000df300000)
  to   space 5120K, 0% used [0x00000000de900000,0x00000000de900000,0x00000000dee00000)
 ParOldGen       total 86016K, used 7345K [0x0000000083a00000, 0x0000000088e00000, 0x00000000d6900000)
  object space 86016K, 8% used [0x0000000083a00000,0x000000008412c650,0x0000000088e00000)
 Metaspace       used 20283K, capacity 21261K, committed 21296K, reserved 1067008K
  class space    used 2691K, capacity 2909K, committed 2944K, reserved 1048576K
}
Event: 1.998 GC heap before
{Heap before GC invocations=5 (full 1):
 PSYoungGen      total 136192K, used 5093K [0x00000000d6900000, 0x00000000df300000, 0x0000000100000000)
  eden space 131072K, 0% used [0x00000000d6900000,0x00000000d6900000,0x00000000de900000)
  from space 5120K, 99% used [0x00000000dee00000,0x00000000df2f96c8,0x00000000df300000)
  to   space 5120K, 0% used [0x00000000de900000,0x00000000de900000,0x00000000dee00000)
 ParOldGen       total 86016K, used 7345K [0x0000000083a00000, 0x0000000088e00000, 0x00000000d6900000)
  object space 86016K, 8% used [0x0000000083a00000,0x000000008412c650,0x0000000088e00000)
 Metaspace       used 20283K, capacity 21261K, committed 21296K, reserved 1067008K
  class space    used 2691K, capacity 2909K, committed 2944K, reserved 1048576K
Event: 2.051 GC heap after
Heap after GC invocations=5 (full 1):
 PSYoungGen      total 136192K, used 0K [0x00000000d6900000, 0x00000000df300000, 0x0000000100000000)
  eden space 131072K, 0% used [0x00000000d6900000,0x00000000d6900000,0x00000000de900000)
  from space 5120K, 0% used [0x00000000dee00000,0x00000000dee00000,0x00000000df300000)
  to   space 5120K, 0% used [0x00000000de900000,0x00000000de900000,0x00000000dee00000)
 ParOldGen       total 62976K, used 7144K [0x0000000083a00000, 0x0000000087780000, 0x00000000d6900000)
  object space 62976K, 11% used [0x0000000083a00000,0x00000000840fa118,0x0000000087780000)
 Metaspace       used 20283K, capacity 21261K, committed 21296K, reserved 1067008K
  class space    used 2691K, capacity 2909K, committed 2944K, reserved 1048576K
}
Event: 2.946 GC heap before
{Heap before GC invocations=6 (full 1):
 PSYoungGen      total 136192K, used 131072K [0x00000000d6900000, 0x00000000df300000, 0x0000000100000000)
  eden space 131072K, 100% used [0x00000000d6900000,0x00000000de900000,0x00000000de900000)
  from space 5120K, 0% used [0x00000000dee00000,0x00000000dee00000,0x00000000df300000)
  to   space 5120K, 0% used [0x00000000de900000,0x00000000de900000,0x00000000dee00000)
 ParOldGen       total 62976K, used 7144K [0x0000000083a00000, 0x0000000087780000, 0x00000000d6900000)
  object space 62976K, 11% used [0x0000000083a00000,0x00000000840fa118,0x0000000087780000)
 Metaspace       used 27638K, capacity 29519K, committed 29824K, reserved 1075200K
  class space    used 3783K, capacity 4168K, committed 4224K, reserved 1048576K

