# JRE version: OpenJDK Runtime Environment (8.0_292-b10) (build 1.8.0_292-8u292-b10-0ubuntu1~16.04.1-b10)
# Java VM: OpenJDK 64-Bit Server VM (25.292-b10 mixed mode linux-amd64 compressed oops)
Heap:
 PSYoungGen      total 120320K, used 8703K [0x00000000d6900000, 0x00000000df880000, 0x0000000100000000)
  eden space 111616K, 0% used [0x00000000d6900000,0x00000000d6900000,0x00000000dd600000)
  from space 8704K, 99% used [0x00000000de780000,0x00000000defffcf0,0x00000000df000000)
  to   space 6656K, 0% used [0x00000000df200000,0x00000000df200000,0x00000000df880000)
 ParOldGen       total 53248K, used 8267K [0x0000000083a00000, 0x0000000086e00000, 0x00000000d6900000)
  object space 53248K, 15% used [0x0000000083a00000,0x0000000084212c78,0x0000000086e00000)
 Metaspace       used 31557K, capacity 33520K, committed 33664K, reserved 1079296K
  class space    used 4283K, capacity 4660K, committed 4736K, reserved 1048576K
GC Heap History (10 events):
Event: 1.733 GC heap after
Heap after GC invocations=3 (full 0):
 PSYoungGen      total 37888K, used 5096K [0x00000000d6900000, 0x00000000db300000, 0x0000000100000000)
  eden space 32768K, 0% used [0x00000000d6900000,0x00000000d6900000,0x00000000d8900000)
  from space 5120K, 99% used [0x00000000d8900000,0x00000000d8dfa0c8,0x00000000d8e00000)
  to   space 5120K, 0% used [0x00000000dae00000,0x00000000dae00000,0x00000000db300000)
 ParOldGen       total 86016K, used 3283K [0x0000000083a00000, 0x0000000088e00000, 0x00000000d6900000)
  object space 86016K, 3% used [0x0000000083a00000,0x0000000083d34ff8,0x0000000088e00000)
 Metaspace       used 17841K, capacity 18692K, committed 18944K, reserved 1064960K
  class space    used 2327K, capacity 2518K, committed 2560K, reserved 1048576K
}
Event: 2.046 GC heap before
{Heap before GC invocations=4 (full 0):
 PSYoungGen      total 37888K, used 37864K [0x00000000d6900000, 0x00000000db300000, 0x0000000100000000)
  eden space 32768K, 100% used [0x00000000d6900000,0x00000000d8900000,0x00000000d8900000)
  from space 5120K, 99% used [0x00000000d8900000,0x00000000d8dfa0c8,0x00000000d8e00000)
  to   space 5120K, 0% used [0x00000000dae00000,0x00000000dae00000,0x00000000db300000)
 ParOldGen       total 86016K, used 3283K [0x0000000083a00000, 0x0000000088e00000, 0x00000000d6900000)
  object space 86016K, 3% used [0x0000000083a00000,0x0000000083d34ff8,0x0000000088e00000)
 Metaspace       used 19842K, capacity 20842K, committed 20992K, reserved 1067008K
  class space    used 2606K, capacity 2815K, committed 2816K, reserved 1048576K
Event: 2.051 GC heap after
Heap after GC invocations=4 (full 0):
 PSYoungGen      total 70656K, used 5109K [0x00000000d6900000, 0x00000000db300000, 0x0000000100000000)
  eden space 65536K, 0% used [0x00000000d6900000,0x00000000d6900000,0x00000000da900000)
  from space 5120K, 99% used [0x00000000dae00000,0x00000000db2fd6d8,0x00000000db300000)
  to   space 5120K, 0% used [0x00000000da900000,0x00000000da900000,0x00000000dae00000)
 ParOldGen       total 86016K, used 6230K [0x0000000083a00000, 0x0000000088e00000, 0x00000000d6900000)
  object space 86016K, 7% used [0x0000000083a00000,0x0000000084015b58,0x0000000088e00000)
 Metaspace       used 19842K, capacity 20842K, committed 20992K, reserved 1067008K
  class space    used 2606K, capacity 2815K, committed 2816K, reserved 1048576K
}
Event: 2.129 GC heap before
{Heap before GC invocations=5 (full 0):
 PSYoungGen      total 70656K, used 14638K [0x00000000d6900000, 0x00000000db300000, 0x0000000100000000)
  eden space 65536K, 14% used [0x00000000d6900000,0x00000000d724e4a0,0x00000000da900000)
  from space 5120K, 99% used [0x00000000dae00000,0x00000000db2fd6d8,0x00000000db300000)
  to   space 5120K, 0% used [0x00000000da900000,0x00000000da900000,0x00000000dae00000)
 ParOldGen       total 86016K, used 6230K [0x0000000083a00000, 0x0000000088e00000, 0x00000000d6900000)
  object space 86016K, 7% used [0x0000000083a00000,0x0000000084015b58,0x0000000088e00000)
 Metaspace       used 20250K, capacity 21250K, committed 21296K, reserved 1067008K
  class space    used 2680K, capacity 2899K, committed 2944K, reserved 1048576K
Event: 2.133 GC heap after
Heap after GC invocations=5 (full 0):
 PSYoungGen      total 70656K, used 5109K [0x00000000d6900000, 0x00000000dfb00000, 0x0000000100000000)
  eden space 65536K, 0% used [0x00000000d6900000,0x00000000d6900000,0x00000000da900000)
  from space 5120K, 99% used [0x00000000da900000,0x00000000dadfd6b8,0x00000000dae00000)
  to   space 9216K, 0% used [0x00000000df200000,0x00000000df200000,0x00000000dfb00000)
 ParOldGen       total 86016K, used 6909K [0x0000000083a00000, 0x0000000088e00000, 0x00000000d6900000)
  object space 86016K, 8% used [0x0000000083a00000,0x00000000840bf740,0x0000000088e00000)
 Metaspace       used 20250K, capacity 21250K, committed 21296K, reserved 1067008K
  class space    used 2680K, capacity 2899K, committed 2944K, reserved 1048576K
}
Event: 2.133 GC heap before
{Heap before GC invocations=6 (full 1):
 PSYoungGen      total 70656K, used 5109K [0x00000000d6900000, 0x00000000dfb00000, 0x0000000100000000)
  eden space 65536K, 0% used [0x00000000d6900000,0x00000000d6900000,0x00000000da900000)
  from space 5120K, 99% used [0x00000000da900000,0x00000000dadfd6b8,0x00000000dae00000)
  to   space 9216K, 0% used [0x00000000df200000,0x00000000df200000,0x00000000dfb00000)
 ParOldGen       total 86016K, used 6909K [0x0000000083a00000, 0x0000000088e00000, 0x00000000d6900000)
  object space 86016K, 8% used [0x0000000083a00000,0x00000000840bf740,0x0000000088e00000)
 Metaspace       used 20250K, capacity 21250K, committed 21296K, reserved 1067008K
  class space    used 2680K, capacity 2899K, committed 2944K, reserved 1048576K
Event: 2.153 GC heap after
Heap after GC invocations=6 (full 1):
 PSYoungGen      total 70656K, used 0K [0x00000000d6900000, 0x00000000dfb00000, 0x0000000100000000)
  eden space 65536K, 0% used [0x00000000d6900000,0x00000000d6900000,0x00000000da900000)
  from space 5120K, 0% used [0x00000000da900000,0x00000000da900000,0x00000000dae00000)
  to   space 9216K, 0% used [0x00000000df200000,0x00000000df200000,0x00000000dfb00000)
 ParOldGen       total 53248K, used 6728K [0x0000000083a00000, 0x0000000086e00000, 0x00000000d6900000)
  object space 53248K, 12% used [0x0000000083a00000,0x00000000840922e8,0x0000000086e00000)
 Metaspace       used 20250K, capacity 21250K, committed 21296K, reserved 1067008K
  class space    used 2680K, capacity 2899K, committed 2944K, reserved 1048576K
}
Event: 2.454 GC heap before
{Heap before GC invocations=7 (full 1):
 PSYoungGen      total 70656K, used 65536K [0x00000000d6900000, 0x00000000dfb00000, 0x0000000100000000)
  eden space 65536K, 100% used [0x00000000d6900000,0x00000000da900000,0x00000000da900000)
  from space 5120K, 0% used [0x00000000da900000,0x00000000da900000,0x00000000dae00000)
  to   space 9216K, 0% used [0x00000000df200000,0x00000000df200000,0x00000000dfb00000)
 ParOldGen       total 53248K, used 6728K [0x0000000083a00000, 0x0000000086e00000, 0x00000000d6900000)
  object space 53248K, 12% used [0x0000000083a00000,0x00000000840922e8,0x0000000086e00000)
 Metaspace       used 23639K, capacity 25058K, committed 25344K, reserved 1071104K
  class space    used 3213K, capacity 3527K, committed 3584K, reserved 1048576K
Event: 2.461 GC heap after
Heap after GC invocations=7 (full 1):
 PSYoungGen      total 118272K, used 6444K [0x00000000d6900000, 0x00000000df880000, 0x0000000100000000)
  eden space 111616K, 0% used [0x00000000d6900000,0x00000000d6900000,0x00000000dd600000)
  from space 6656K, 96% used [0x00000000df200000,0x00000000df84b2c8,0x00000000df880000)
  to   space 8704K, 0% used [0x00000000de780000,0x00000000de780000,0x00000000df000000)
 ParOldGen       total 53248K, used 6728K [0x0000000083a00000, 0x0000000086e00000, 0x00000000d6900000)
  object space 53248K, 12% used [0x0000000083a00000,0x00000000840922e8,0x0000000086e00000)
 Metaspace       used 23639K, capacity 25058K, committed 25344K, reserved 1071104K
  class space    used 3213K, capacity 3527K, committed 3584K, reserved 1048576K
}
Event: 2.924 GC heap before
{Heap before GC invocations=8 (full 1):
 PSYoungGen      total 118272K, used 118060K [0x00000000d6900000, 0x00000000df880000, 0x0000000100000000)
  eden space 111616K, 100% used [0x00000000d6900000,0x00000000dd600000,0x00000000dd600000)
  from space 6656K, 96% used [0x00000000df200000,0x00000000df84b2c8,0x00000000df880000)
  to   space 8704K, 0% used [0x00000000de780000,0x00000000de780000,0x00000000df000000)
 ParOldGen       total 53248K, used 6728K [0x0000000083a00000, 0x0000000086e00000, 0x00000000d6900000)
  object space 53248K, 12% used [0x0000000083a00000,0x00000000840922e8,0x0000000086e00000)
 Metaspace       used 31557K, capacity 33520K, committed 33664K, reserved 1079296K
  class space    used 4283K, capacity 4660K, committed 4736K, reserved 1048576K

